<?xml version="1.0" encoding="UTF-8"?>
<testsuite xmlns:xsi="http://www.w3.org/2001/XMLSchema-instance" xsi:noNamespaceSchemaLocation="https://maven.apache.org/surefire/maven-surefire-plugin/xsd/surefire-test-report-3.0.xsd" version="3.0" name="koeln.uni.idh.java1.session11.zoo.animals.HorseTest" time="0.042" tests="11" errors="0" skipped="0" failures="0">
  <properties>
[...]
</properties>
  <testcase name="testMateChildFurColorBlackDominant" classname="koeln.uni.idh.java1.session11.zoo.animals.HorseTest" time="0.015">
    <system-out><![CDATA[Horse Dark has been born and has black fur. There are now 1 horses in the world.
Horse Pale has been born and has white fur. There are now 2 horses in the world.
Horse Child of Dark and Pale has been born and has black fur. There are now 3 horses in the world.
Horse Child of Dark and Pale has been born.
]]></system-out>
  </testcase>
  <testcase name="testMateChildFurColorDefault" classname="koeln.uni.idh.java1.session11.zoo.animals.HorseTest" time="0.002">
    <system-out><![CDATA[Horse Ivory has been born and has white fur. There are now 4 horses in the world.
Horse Silver has been born and has grey fur. There are now 5 horses in the world.
Horse Child of Ivory and Silver has been born and has white-grey fur. There are now 6 horses in the world.
Horse Child of Ivory and Silver has been born.
]]></system-out>
  </testcase>
  <testcase name="testTurnRightThenWalkEast" classname="koeln.uni.idh.java1.session11.zoo.animals.HorseTest" time="0.001">
    <system-out><![CDATA[Horse Blaze has been born and has black fur. There are now 7 horses in the world.
Animal null has turned and is now looking towards 90.
Animal has moved.
]]></system-out>
  </testcase>
  <testcase name="testMateChildName" classname="koeln.uni.idh.java1.session11.zoo.animals.HorseTest" time="0.002">
    <system-out><![CDATA[Horse Alpha has been born and has white fur. There are now 8 horses in the world.
Horse Beta has been born and has brown fur. There are now 9 horses in the world.
Horse Child of Alpha and Beta has been born and has white-brown fur. There are now 10 horses in the world.
Horse Child of Alpha and Beta has been born.
]]></system-out>
  </testcase>
  <testcase name="testInitialX" classname="koeln.uni.idh.java1.session11.zoo.animals.HorseTest" time="0.001">
    <system-out><![CDATA[Horse Spirit has been born and has white fur. There are now 11 horses in the world.
]]></system-out>
  </testcase>
  <testcase name="testInitialY" classname="koeln.uni.idh.java1.session11.zoo.animals.HorseTest" time="0.002">
    <system-out><![CDATA[Horse Spirit has been born and has white fur. There are now 12 horses in the world.
]]></system-out>
  </testcase>
  <testcase name="testSetAndGetX" classname="koeln.uni.idh.java1.session11.zoo.animals.HorseTest" time="0.002">
    <system-out><![CDATA[Horse Scout has been born and has brown fur. There are now 13 horses in the world.
]]></system-out>
  </testcase>
  <testcase name="testSetAndGetY" classname="koeln.uni.idh.java1.session11.zoo.animals.HorseTest" time="0.001">
    <system-out><![CDATA[Horse Scout has been born and has brown fur. There are now 14 horses in the world.
]]></system-out>
  </testcase>
  <testcase name="testGetSymbol" classname="koeln.uni.idh.java1.session11.zoo.animals.HorseTest" time="0.001">
    <system-out><![CDATA[Horse Thunderbolt has been born and has brown fur. There are now 15 horses in the world.
]]></system-out>
  </testcase>
  <testcase name="testMateChildFurColorBrownMix" classname="koeln.uni.idh.java1.session11.zoo.animals.HorseTest" time="0.001">
    <system-out><![CDATA[Horse Sandy has been born and has brown fur. There are now 16 horses in the world.
Horse Misty has been born and has white fur. There are now 17 horses in the world.
Horse Child of Sandy and Misty has been born and has white-brown fur. There are now 18 horses in the world.
Horse Child of Sandy and Misty has been born.
]]></system-out>
  </testcase>
  <testcase name="testWalkNorth" classname="koeln.uni.idh.java1.session11.zoo.animals.HorseTest" time="0.001">
    <system-out><![CDATA[Horse Dusty has been born and has grey fur. There are now 19 horses in the world.
Animal has moved.
]]></system-out>
  </testcase>
</testsuite>